{"/Users/bin.gurung/Documents/GEP_Projects/GitHub_Search/Assignment_RN/App.js": {"path":"/Users/bin.gurung/Documents/GEP_Projects/GitHub_Search/Assignment_RN/App.js","statementMap":{"0":{"start":{"line":11,"column":4},"end":{"line":11,"column":17}},"1":{"start":{"line":12,"column":4},"end":{"line":14,"column":6}},"2":{"start":{"line":18,"column":4},"end":{"line":22,"column":6}}},"fnMap":{"0":{"name":"(anonymous_0)","decl":{"start":{"line":10,"column":2},"end":{"line":10,"column":3}},"loc":{"start":{"line":10,"column":21},"end":{"line":15,"column":3}},"line":10},"1":{"name":"(anonymous_1)","decl":{"start":{"line":17,"column":2},"end":{"line":17,"column":3}},"loc":{"start":{"line":17,"column":11},"end":{"line":23,"column":3}},"line":17}},"branchMap":{},"s":{"0":0,"1":0,"2":0},"f":{"0":0,"1":0},"b":{},"hash":"3d331df0d0a913907fca942161259810134b1ab1"}
,"/Users/bin.gurung/Documents/GEP_Projects/GitHub_Search/Assignment_RN/app/Container/AppStackNavigator.js": {"path":"/Users/bin.gurung/Documents/GEP_Projects/GitHub_Search/Assignment_RN/app/Container/AppStackNavigator.js","statementMap":{"0":{"start":{"line":9,"column":15},"end":{"line":9,"column":38}},"1":{"start":{"line":12,"column":4},"end":{"line":29,"column":6}}},"fnMap":{"0":{"name":"AppStackNavigator","decl":{"start":{"line":11,"column":9},"end":{"line":11,"column":26}},"loc":{"start":{"line":11,"column":40},"end":{"line":30,"column":1}},"line":11}},"branchMap":{},"s":{"0":0,"1":0},"f":{"0":0},"b":{},"hash":"1904d8425211d047257cb3d553adbe6c60a3edcd"}
,"/Users/bin.gurung/Documents/GEP_Projects/GitHub_Search/Assignment_RN/app/Container/DetailModelScreen.js": {"path":"/Users/bin.gurung/Documents/GEP_Projects/GitHub_Search/Assignment_RN/app/Container/DetailModelScreen.js","statementMap":{"0":{"start":{"line":10,"column":18},"end":{"line":10,"column":20}},"1":{"start":{"line":11,"column":26},"end":{"line":92,"column":1}},"2":{"start":{"line":14,"column":29},"end":{"line":67,"column":5}},"3":{"start":{"line":15,"column":8},"end":{"line":66,"column":15}},"4":{"start":{"line":68,"column":4},"end":{"line":91,"column":6}},"5":{"start":{"line":82,"column":28},"end":{"line":82,"column":38}},"6":{"start":{"line":94,"column":15},"end":{"line":139,"column":2}}},"fnMap":{"0":{"name":"(anonymous_0)","decl":{"start":{"line":11,"column":26},"end":{"line":11,"column":27}},"loc":{"start":{"line":11,"column":49},"end":{"line":92,"column":1}},"line":11},"1":{"name":"(anonymous_1)","decl":{"start":{"line":14,"column":29},"end":{"line":14,"column":30}},"loc":{"start":{"line":15,"column":8},"end":{"line":66,"column":15}},"line":15},"2":{"name":"(anonymous_2)","decl":{"start":{"line":74,"column":32},"end":{"line":74,"column":33}},"loc":{"start":{"line":74,"column":38},"end":{"line":76,"column":17}},"line":74},"3":{"name":"(anonymous_3)","decl":{"start":{"line":81,"column":33},"end":{"line":81,"column":34}},"loc":{"start":{"line":81,"column":39},"end":{"line":83,"column":25}},"line":81}},"branchMap":{},"s":{"0":1,"1":1,"2":0,"3":0,"4":0,"5":0,"6":1},"f":{"0":0,"1":0,"2":0,"3":0},"b":{},"_coverageSchema":"43e27e138ebf9cfc5966b082cf9a028302ed4184","hash":"e54ff8f1bfe89baf46cf3e9cac46497df8d239eb"}
,"/Users/bin.gurung/Documents/GEP_Projects/GitHub_Search/Assignment_RN/app/Container/ListScreen.js": {"path":"/Users/bin.gurung/Documents/GEP_Projects/GitHub_Search/Assignment_RN/app/Container/ListScreen.js","statementMap":{"0":{"start":{"line":13,"column":17},"end":{"line":13,"column":19}},"1":{"start":{"line":16,"column":8},"end":{"line":16,"column":21}},"2":{"start":{"line":17,"column":8},"end":{"line":24,"column":10}},"3":{"start":{"line":25,"column":8},"end":{"line":27,"column":10}},"4":{"start":{"line":28,"column":8},"end":{"line":31,"column":10}},"5":{"start":{"line":36,"column":17},"end":{"line":48,"column":5}},"6":{"start":{"line":37,"column":8},"end":{"line":37,"column":60}},"7":{"start":{"line":53,"column":12},"end":{"line":53,"column":21}},"8":{"start":{"line":54,"column":8},"end":{"line":54,"column":61}},"9":{"start":{"line":55,"column":8},"end":{"line":63,"column":9}},"10":{"start":{"line":59,"column":12},"end":{"line":62,"column":14}},"11":{"start":{"line":64,"column":8},"end":{"line":64,"column":20}},"12":{"start":{"line":69,"column":8},"end":{"line":96,"column":10}},"13":{"start":{"line":86,"column":24},"end":{"line":92,"column":25}},"14":{"start":{"line":87,"column":28},"end":{"line":87,"column":109}},"15":{"start":{"line":89,"column":28},"end":{"line":91,"column":31}},"16":{"start":{"line":90,"column":32},"end":{"line":90,"column":54}},"17":{"start":{"line":99,"column":21},"end":{"line":123,"column":5}},"18":{"start":{"line":100,"column":36},"end":{"line":100,"column":46}},"19":{"start":{"line":101,"column":8},"end":{"line":122,"column":9}},"20":{"start":{"line":102,"column":12},"end":{"line":119,"column":14}},"21":{"start":{"line":108,"column":28},"end":{"line":113,"column":30}},"22":{"start":{"line":111,"column":36},"end":{"line":111,"column":95}},"23":{"start":{"line":115,"column":46},"end":{"line":115,"column":53}},"24":{"start":{"line":121,"column":12},"end":{"line":121,"column":164}},"25":{"start":{"line":125,"column":21},"end":{"line":130,"column":5}},"26":{"start":{"line":126,"column":8},"end":{"line":129,"column":10}},"27":{"start":{"line":128,"column":27},"end":{"line":128,"column":87}},"28":{"start":{"line":133,"column":8},"end":{"line":145,"column":10}},"29":{"start":{"line":137,"column":39},"end":{"line":137,"column":73}},"30":{"start":{"line":148,"column":15},"end":{"line":168,"column":2}},"31":{"start":{"line":171,"column":29},"end":{"line":171,"column":34}},"32":{"start":{"line":172,"column":4},"end":{"line":174,"column":6}}},"fnMap":{"0":{"name":"(anonymous_0)","decl":{"start":{"line":15,"column":4},"end":{"line":15,"column":5}},"loc":{"start":{"line":15,"column":23},"end":{"line":32,"column":5}},"line":15},"1":{"name":"(anonymous_1)","decl":{"start":{"line":36,"column":17},"end":{"line":36,"column":18}},"loc":{"start":{"line":36,"column":27},"end":{"line":48,"column":5}},"line":36},"2":{"name":"(anonymous_2)","decl":{"start":{"line":50,"column":4},"end":{"line":50,"column":5}},"loc":{"start":{"line":50,"column":47},"end":{"line":65,"column":5}},"line":50},"3":{"name":"(anonymous_3)","decl":{"start":{"line":68,"column":4},"end":{"line":68,"column":5}},"loc":{"start":{"line":68,"column":23},"end":{"line":97,"column":5}},"line":68},"4":{"name":"(anonymous_4)","decl":{"start":{"line":85,"column":34},"end":{"line":85,"column":35}},"loc":{"start":{"line":85,"column":42},"end":{"line":93,"column":21}},"line":85},"5":{"name":"(anonymous_5)","decl":{"start":{"line":89,"column":81},"end":{"line":89,"column":82}},"loc":{"start":{"line":89,"column":87},"end":{"line":91,"column":29}},"line":89},"6":{"name":"(anonymous_6)","decl":{"start":{"line":99,"column":21},"end":{"line":99,"column":22}},"loc":{"start":{"line":99,"column":27},"end":{"line":123,"column":5}},"line":99},"7":{"name":"(anonymous_7)","decl":{"start":{"line":107,"column":36},"end":{"line":107,"column":37}},"loc":{"start":{"line":108,"column":28},"end":{"line":113,"column":30}},"line":108},"8":{"name":"(anonymous_8)","decl":{"start":{"line":110,"column":41},"end":{"line":110,"column":42}},"loc":{"start":{"line":110,"column":49},"end":{"line":112,"column":33}},"line":110},"9":{"name":"(anonymous_9)","decl":{"start":{"line":115,"column":38},"end":{"line":115,"column":39}},"loc":{"start":{"line":115,"column":46},"end":{"line":115,"column":53}},"line":115},"10":{"name":"(anonymous_10)","decl":{"start":{"line":125,"column":21},"end":{"line":125,"column":22}},"loc":{"start":{"line":126,"column":8},"end":{"line":129,"column":10}},"line":126},"11":{"name":"(anonymous_11)","decl":{"start":{"line":128,"column":21},"end":{"line":128,"column":22}},"loc":{"start":{"line":128,"column":27},"end":{"line":128,"column":87}},"line":128},"12":{"name":"(anonymous_12)","decl":{"start":{"line":132,"column":4},"end":{"line":132,"column":5}},"loc":{"start":{"line":132,"column":13},"end":{"line":146,"column":5}},"line":132},"13":{"name":"(anonymous_13)","decl":{"start":{"line":137,"column":33},"end":{"line":137,"column":34}},"loc":{"start":{"line":137,"column":39},"end":{"line":137,"column":73}},"line":137},"14":{"name":"mapStateToProps","decl":{"start":{"line":170,"column":9},"end":{"line":170,"column":24}},"loc":{"start":{"line":170,"column":32},"end":{"line":175,"column":1}},"line":170}},"branchMap":{"0":{"loc":{"start":{"line":55,"column":8},"end":{"line":63,"column":9}},"type":"if","locations":[{"start":{"line":55,"column":8},"end":{"line":63,"column":9}},{"start":{"line":55,"column":8},"end":{"line":63,"column":9}}],"line":55},"1":{"loc":{"start":{"line":55,"column":12},"end":{"line":58,"column":38}},"type":"binary-expr","locations":[{"start":{"line":55,"column":12},"end":{"line":55,"column":24}},{"start":{"line":56,"column":15},"end":{"line":56,"column":32}},{"start":{"line":57,"column":15},"end":{"line":57,"column":43}},{"start":{"line":58,"column":15},"end":{"line":58,"column":38}}],"line":55},"2":{"loc":{"start":{"line":86,"column":24},"end":{"line":92,"column":25}},"type":"if","locations":[{"start":{"line":86,"column":24},"end":{"line":92,"column":25}},{"start":{"line":86,"column":24},"end":{"line":92,"column":25}}],"line":86},"3":{"loc":{"start":{"line":101,"column":8},"end":{"line":122,"column":9}},"type":"if","locations":[{"start":{"line":101,"column":8},"end":{"line":122,"column":9}},{"start":{"line":101,"column":8},"end":{"line":122,"column":9}}],"line":101},"4":{"loc":{"start":{"line":101,"column":12},"end":{"line":101,"column":57}},"type":"binary-expr","locations":[{"start":{"line":101,"column":12},"end":{"line":101,"column":27}},{"start":{"line":101,"column":31},"end":{"line":101,"column":57}}],"line":101},"5":{"loc":{"start":{"line":140,"column":21},"end":{"line":140,"column":93}},"type":"binary-expr","locations":[{"start":{"line":140,"column":21},"end":{"line":140,"column":41}},{"start":{"line":140,"column":45},"end":{"line":140,"column":93}}],"line":140},"6":{"loc":{"start":{"line":143,"column":17},"end":{"line":143,"column":67}},"type":"binary-expr","locations":[{"start":{"line":143,"column":17},"end":{"line":143,"column":42}},{"start":{"line":143,"column":46},"end":{"line":143,"column":67}}],"line":143}},"s":{"0":1,"1":1,"2":1,"3":1,"4":1,"5":1,"6":0,"7":1,"8":1,"9":1,"10":0,"11":1,"12":1,"13":0,"14":0,"15":0,"16":0,"17":1,"18":1,"19":1,"20":0,"21":0,"22":0,"23":0,"24":1,"25":1,"26":0,"27":0,"28":1,"29":0,"30":1,"31":1,"32":1},"f":{"0":1,"1":0,"2":1,"3":1,"4":0,"5":0,"6":1,"7":0,"8":0,"9":0,"10":0,"11":0,"12":1,"13":0,"14":1},"b":{"0":[0,1],"1":[1,0,0,0],"2":[0,0],"3":[0,1],"4":[1,1],"5":[1,0],"6":[1,0]},"_coverageSchema":"43e27e138ebf9cfc5966b082cf9a028302ed4184","hash":"abf26e4a41e43262000c973283fca8550d5a5d1e"}
,"/Users/bin.gurung/Documents/GEP_Projects/GitHub_Search/Assignment_RN/app/Container/Component/HamburgerMenu.js": {"path":"/Users/bin.gurung/Documents/GEP_Projects/GitHub_Search/Assignment_RN/app/Container/Component/HamburgerMenu.js","statementMap":{"0":{"start":{"line":7,"column":4},"end":{"line":13,"column":6}},"1":{"start":{"line":11,"column":93},"end":{"line":11,"column":106}}},"fnMap":{"0":{"name":"HamburgerMenu","decl":{"start":{"line":6,"column":24},"end":{"line":6,"column":37}},"loc":{"start":{"line":6,"column":68},"end":{"line":14,"column":1}},"line":6},"1":{"name":"(anonymous_1)","decl":{"start":{"line":11,"column":87},"end":{"line":11,"column":88}},"loc":{"start":{"line":11,"column":93},"end":{"line":11,"column":106}},"line":11}},"branchMap":{},"s":{"0":1,"1":0},"f":{"0":1,"1":0},"b":{},"_coverageSchema":"43e27e138ebf9cfc5966b082cf9a028302ed4184","hash":"95dcd6a026d177692dc721deaf178e9ee94c898c"}
,"/Users/bin.gurung/Documents/GEP_Projects/GitHub_Search/Assignment_RN/app/Container/Component/HorizontalView.js": {"path":"/Users/bin.gurung/Documents/GEP_Projects/GitHub_Search/Assignment_RN/app/Container/Component/HorizontalView.js","statementMap":{"0":{"start":{"line":7,"column":8},"end":{"line":7,"column":21}},"1":{"start":{"line":8,"column":8},"end":{"line":10,"column":10}},"2":{"start":{"line":14,"column":8},"end":{"line":14,"column":51}},"3":{"start":{"line":15,"column":8},"end":{"line":17,"column":9}},"4":{"start":{"line":16,"column":12},"end":{"line":16,"column":48}},"5":{"start":{"line":21,"column":32},"end":{"line":21,"column":42}},"6":{"start":{"line":22,"column":25},"end":{"line":22,"column":35}},"7":{"start":{"line":23,"column":8},"end":{"line":36,"column":10}},"8":{"start":{"line":40,"column":8},"end":{"line":42,"column":9}},"9":{"start":{"line":41,"column":12},"end":{"line":41,"column":47}},"10":{"start":{"line":53,"column":12},"end":{"line":53,"column":22}},"11":{"start":{"line":54,"column":8},"end":{"line":78,"column":10}},"12":{"start":{"line":57,"column":38},"end":{"line":57,"column":62}},"13":{"start":{"line":82,"column":31},"end":{"line":109,"column":2}}},"fnMap":{"0":{"name":"(anonymous_0)","decl":{"start":{"line":6,"column":4},"end":{"line":6,"column":5}},"loc":{"start":{"line":6,"column":23},"end":{"line":11,"column":5}},"line":6},"1":{"name":"(anonymous_1)","decl":{"start":{"line":13,"column":4},"end":{"line":13,"column":5}},"loc":{"start":{"line":13,"column":29},"end":{"line":18,"column":5}},"line":13},"2":{"name":"(anonymous_2)","decl":{"start":{"line":20,"column":4},"end":{"line":20,"column":5}},"loc":{"start":{"line":20,"column":20},"end":{"line":37,"column":5}},"line":20},"3":{"name":"(anonymous_3)","decl":{"start":{"line":39,"column":4},"end":{"line":39,"column":5}},"loc":{"start":{"line":39,"column":32},"end":{"line":43,"column":5}},"line":39},"4":{"name":"(anonymous_4)","decl":{"start":{"line":45,"column":4},"end":{"line":45,"column":5}},"loc":{"start":{"line":45,"column":13},"end":{"line":79,"column":5}},"line":45},"5":{"name":"(anonymous_5)","decl":{"start":{"line":57,"column":25},"end":{"line":57,"column":26}},"loc":{"start":{"line":57,"column":38},"end":{"line":57,"column":62}},"line":57}},"branchMap":{"0":{"loc":{"start":{"line":15,"column":8},"end":{"line":17,"column":9}},"type":"if","locations":[{"start":{"line":15,"column":8},"end":{"line":17,"column":9}},{"start":{"line":15,"column":8},"end":{"line":17,"column":9}}],"line":15},"1":{"loc":{"start":{"line":40,"column":8},"end":{"line":42,"column":9}},"type":"if","locations":[{"start":{"line":40,"column":8},"end":{"line":42,"column":9}},{"start":{"line":40,"column":8},"end":{"line":42,"column":9}}],"line":40},"2":{"loc":{"start":{"line":76,"column":17},"end":{"line":76,"column":58}},"type":"binary-expr","locations":[{"start":{"line":76,"column":17},"end":{"line":76,"column":34}},{"start":{"line":76,"column":38},"end":{"line":76,"column":58}}],"line":76}},"s":{"0":0,"1":0,"2":0,"3":0,"4":0,"5":0,"6":0,"7":0,"8":0,"9":0,"10":0,"11":0,"12":0,"13":0},"f":{"0":0,"1":0,"2":0,"3":0,"4":0,"5":0},"b":{"0":[0,0],"1":[0,0],"2":[0,0]},"hash":"01d2f0c11b7d99005e53081741596fcd0b8b2def"}
,"/Users/bin.gurung/Documents/GEP_Projects/GitHub_Search/Assignment_RN/app/Container/Component/ListCell.js": {"path":"/Users/bin.gurung/Documents/GEP_Projects/GitHub_Search/Assignment_RN/app/Container/Component/ListCell.js","statementMap":{"0":{"start":{"line":5,"column":2},"end":{"line":5,"column":31}},"1":{"start":{"line":6,"column":2},"end":{"line":36,"column":4}},"2":{"start":{"line":7,"column":39},"end":{"line":7,"column":52}},"3":{"start":{"line":39,"column":15},"end":{"line":58,"column":2}}},"fnMap":{"0":{"name":"ListCell","decl":{"start":{"line":4,"column":24},"end":{"line":4,"column":32}},"loc":{"start":{"line":4,"column":52},"end":{"line":37,"column":1}},"line":4},"1":{"name":"(anonymous_1)","decl":{"start":{"line":7,"column":33},"end":{"line":7,"column":34}},"loc":{"start":{"line":7,"column":39},"end":{"line":7,"column":52}},"line":7}},"branchMap":{},"s":{"0":0,"1":0,"2":0,"3":1},"f":{"0":0,"1":0},"b":{},"_coverageSchema":"43e27e138ebf9cfc5966b082cf9a028302ed4184","hash":"235971c131b3552bfd383f05fdefeae9b67f8e0f"}
,"/Users/bin.gurung/Documents/GEP_Projects/GitHub_Search/Assignment_RN/app/Redux/store.js": {"path":"/Users/bin.gurung/Documents/GEP_Projects/GitHub_Search/Assignment_RN/app/Redux/store.js","statementMap":{"0":{"start":{"line":7,"column":20},"end":{"line":7,"column":42}},"1":{"start":{"line":9,"column":0},"end":{"line":12,"column":1}},"2":{"start":{"line":10,"column":21},"end":{"line":10,"column":44}},"3":{"start":{"line":11,"column":2},"end":{"line":11,"column":27}},"4":{"start":{"line":14,"column":14},"end":{"line":18,"column":1}}},"fnMap":{},"branchMap":{"0":{"loc":{"start":{"line":9,"column":0},"end":{"line":12,"column":1}},"type":"if","locations":[{"start":{"line":9,"column":0},"end":{"line":12,"column":1}},{"start":{"line":9,"column":0},"end":{"line":12,"column":1}}],"line":9}},"s":{"0":0,"1":0,"2":0,"3":0,"4":0},"f":{},"b":{"0":[0,0]},"hash":"5b313cdea68c121ab4b93f641415a57cbf798326"}
,"/Users/bin.gurung/Documents/GEP_Projects/GitHub_Search/Assignment_RN/app/Redux/Actions/api_action.js": {"path":"/Users/bin.gurung/Documents/GEP_Projects/GitHub_Search/Assignment_RN/app/Redux/Actions/api_action.js","statementMap":{"0":{"start":{"line":3,"column":24},"end":{"line":6,"column":2}},"1":{"start":{"line":3,"column":34},"end":{"line":6,"column":1}},"2":{"start":{"line":8,"column":22},"end":{"line":11,"column":2}},"3":{"start":{"line":8,"column":32},"end":{"line":11,"column":1}},"4":{"start":{"line":13,"column":28},"end":{"line":18,"column":2}},"5":{"start":{"line":13,"column":36},"end":{"line":18,"column":1}},"6":{"start":{"line":20,"column":24},"end":{"line":23,"column":2}},"7":{"start":{"line":20,"column":34},"end":{"line":23,"column":1}}},"fnMap":{"0":{"name":"(anonymous_0)","decl":{"start":{"line":3,"column":24},"end":{"line":3,"column":25}},"loc":{"start":{"line":3,"column":34},"end":{"line":6,"column":1}},"line":3},"1":{"name":"(anonymous_1)","decl":{"start":{"line":8,"column":22},"end":{"line":8,"column":23}},"loc":{"start":{"line":8,"column":32},"end":{"line":11,"column":1}},"line":8},"2":{"name":"(anonymous_2)","decl":{"start":{"line":13,"column":28},"end":{"line":13,"column":29}},"loc":{"start":{"line":13,"column":36},"end":{"line":18,"column":1}},"line":13},"3":{"name":"(anonymous_3)","decl":{"start":{"line":20,"column":24},"end":{"line":20,"column":25}},"loc":{"start":{"line":20,"column":34},"end":{"line":23,"column":1}},"line":20}},"branchMap":{},"s":{"0":1,"1":0,"2":1,"3":0,"4":1,"5":0,"6":1,"7":0},"f":{"0":0,"1":0,"2":0,"3":0},"b":{},"_coverageSchema":"43e27e138ebf9cfc5966b082cf9a028302ed4184","hash":"ed576745cc4d3f9bd8daec5663c696df5bdaea13"}
,"/Users/bin.gurung/Documents/GEP_Projects/GitHub_Search/Assignment_RN/app/Redux/Actions/fetch_action.js": {"path":"/Users/bin.gurung/Documents/GEP_Projects/GitHub_Search/Assignment_RN/app/Redux/Actions/fetch_action.js","statementMap":{"0":{"start":{"line":6,"column":16},"end":{"line":6,"column":25}},"1":{"start":{"line":8,"column":28},"end":{"line":11,"column":2}},"2":{"start":{"line":8,"column":55},"end":{"line":11,"column":1}},"3":{"start":{"line":13,"column":28},"end":{"line":16,"column":2}},"4":{"start":{"line":13,"column":52},"end":{"line":16,"column":1}},"5":{"start":{"line":18,"column":28},"end":{"line":43,"column":1}},"6":{"start":{"line":18,"column":43},"end":{"line":43,"column":1}},"7":{"start":{"line":19,"column":2},"end":{"line":21,"column":3}},"8":{"start":{"line":20,"column":4},"end":{"line":20,"column":16}},"9":{"start":{"line":22,"column":26},"end":{"line":22,"column":50}},"10":{"start":{"line":27,"column":6},"end":{"line":27,"column":21}},"11":{"start":{"line":28,"column":2},"end":{"line":28,"column":43}},"12":{"start":{"line":30,"column":2},"end":{"line":42,"column":5}},"13":{"start":{"line":35,"column":29},"end":{"line":35,"column":70}},"14":{"start":{"line":36,"column":26},"end":{"line":36,"column":64}},"15":{"start":{"line":46,"column":28},"end":{"line":49,"column":2}},"16":{"start":{"line":46,"column":41},"end":{"line":49,"column":1}}},"fnMap":{"0":{"name":"(anonymous_0)","decl":{"start":{"line":8,"column":28},"end":{"line":8,"column":29}},"loc":{"start":{"line":8,"column":55},"end":{"line":11,"column":1}},"line":8},"1":{"name":"(anonymous_1)","decl":{"start":{"line":13,"column":28},"end":{"line":13,"column":29}},"loc":{"start":{"line":13,"column":52},"end":{"line":16,"column":1}},"line":13},"2":{"name":"(anonymous_2)","decl":{"start":{"line":18,"column":28},"end":{"line":18,"column":29}},"loc":{"start":{"line":18,"column":43},"end":{"line":43,"column":1}},"line":18},"3":{"name":"(anonymous_3)","decl":{"start":{"line":18,"column":43},"end":{"line":18,"column":44}},"loc":{"start":{"line":18,"column":67},"end":{"line":43,"column":1}},"line":18},"4":{"name":"(anonymous_4)","decl":{"start":{"line":35,"column":17},"end":{"line":35,"column":18}},"loc":{"start":{"line":35,"column":29},"end":{"line":35,"column":70}},"line":35},"5":{"name":"(anonymous_5)","decl":{"start":{"line":36,"column":17},"end":{"line":36,"column":18}},"loc":{"start":{"line":36,"column":26},"end":{"line":36,"column":64}},"line":36},"6":{"name":"(anonymous_6)","decl":{"start":{"line":46,"column":28},"end":{"line":46,"column":29}},"loc":{"start":{"line":46,"column":41},"end":{"line":49,"column":1}},"line":46}},"branchMap":{"0":{"loc":{"start":{"line":19,"column":2},"end":{"line":21,"column":3}},"type":"if","locations":[{"start":{"line":19,"column":2},"end":{"line":21,"column":3}},{"start":{"line":19,"column":2},"end":{"line":21,"column":3}}],"line":19}},"s":{"0":1,"1":1,"2":0,"3":1,"4":0,"5":1,"6":0,"7":0,"8":0,"9":0,"10":0,"11":0,"12":0,"13":0,"14":0,"15":1,"16":0},"f":{"0":0,"1":0,"2":0,"3":0,"4":0,"5":0,"6":0},"b":{"0":[0,0]},"_coverageSchema":"43e27e138ebf9cfc5966b082cf9a028302ed4184","hash":"22a10f62ace8839bd69ca075977ae0292aee1dd4"}
,"/Users/bin.gurung/Documents/GEP_Projects/GitHub_Search/Assignment_RN/app/Redux/Actions/Helper/apiKeys.js": {"path":"/Users/bin.gurung/Documents/GEP_Projects/GitHub_Search/Assignment_RN/app/Redux/Actions/Helper/apiKeys.js","statementMap":{"0":{"start":{"line":1,"column":23},"end":{"line":3,"column":1}}},"fnMap":{},"branchMap":{},"s":{"0":1},"f":{},"b":{},"_coverageSchema":"43e27e138ebf9cfc5966b082cf9a028302ed4184","hash":"98423a7cf9dd37c16311774b914c84e79f7c415c"}
,"/Users/bin.gurung/Documents/GEP_Projects/GitHub_Search/Assignment_RN/app/Redux/Actions/Helper/routes.js": {"path":"/Users/bin.gurung/Documents/GEP_Projects/GitHub_Search/Assignment_RN/app/Redux/Actions/Helper/routes.js","statementMap":{"0":{"start":{"line":3,"column":29},"end":{"line":11,"column":1}},"1":{"start":{"line":4,"column":2},"end":{"line":10,"column":3}},"2":{"start":{"line":6,"column":6},"end":{"line":6,"column":18}},"3":{"start":{"line":9,"column":6},"end":{"line":9,"column":90}},"4":{"start":{"line":13,"column":30},"end":{"line":19,"column":1}},"5":{"start":{"line":14,"column":18},"end":{"line":17,"column":3}},"6":{"start":{"line":18,"column":2},"end":{"line":18,"column":17}}},"fnMap":{"0":{"name":"(anonymous_0)","decl":{"start":{"line":3,"column":29},"end":{"line":3,"column":30}},"loc":{"start":{"line":3,"column":47},"end":{"line":11,"column":1}},"line":3},"1":{"name":"(anonymous_1)","decl":{"start":{"line":13,"column":30},"end":{"line":13,"column":31}},"loc":{"start":{"line":13,"column":36},"end":{"line":19,"column":1}},"line":13}},"branchMap":{"0":{"loc":{"start":{"line":4,"column":2},"end":{"line":10,"column":3}},"type":"switch","locations":[{"start":{"line":5,"column":4},"end":{"line":7,"column":5}},{"start":{"line":8,"column":4},"end":{"line":9,"column":90}}],"line":4}},"s":{"0":1,"1":0,"2":0,"3":0,"4":1,"5":0,"6":0},"f":{"0":0,"1":0},"b":{"0":[0,0]},"_coverageSchema":"43e27e138ebf9cfc5966b082cf9a028302ed4184","hash":"78e2d1e8e862064b844a0ed6a10b76624702ff75"}
,"/Users/bin.gurung/Documents/GEP_Projects/GitHub_Search/Assignment_RN/app/Redux/Actions/Helper/types.js": {"path":"/Users/bin.gurung/Documents/GEP_Projects/GitHub_Search/Assignment_RN/app/Redux/Actions/Helper/types.js","statementMap":{"0":{"start":{"line":1,"column":27},"end":{"line":4,"column":1}},"1":{"start":{"line":6,"column":31},"end":{"line":12,"column":1}}},"fnMap":{},"branchMap":{},"s":{"0":1,"1":1},"f":{},"b":{},"_coverageSchema":"43e27e138ebf9cfc5966b082cf9a028302ed4184","hash":"6bb40bbf023e8ead610aeb3286bcfb80d48af3a9"}
,"/Users/bin.gurung/Documents/GEP_Projects/GitHub_Search/Assignment_RN/app/Redux/Reducers/api_reducer.js": {"path":"/Users/bin.gurung/Documents/GEP_Projects/GitHub_Search/Assignment_RN/app/Redux/Reducers/api_reducer.js","statementMap":{"0":{"start":{"line":4,"column":2},"end":{"line":12,"column":3}},"1":{"start":{"line":9,"column":6},"end":{"line":9,"column":36}},"2":{"start":{"line":11,"column":6},"end":{"line":11,"column":19}}},"fnMap":{"0":{"name":"(anonymous_0)","decl":{"start":{"line":3,"column":15},"end":{"line":3,"column":16}},"loc":{"start":{"line":3,"column":44},"end":{"line":13,"column":1}},"line":3}},"branchMap":{"0":{"loc":{"start":{"line":3,"column":24},"end":{"line":3,"column":34}},"type":"default-arg","locations":[{"start":{"line":3,"column":32},"end":{"line":3,"column":34}}],"line":3},"1":{"loc":{"start":{"line":4,"column":2},"end":{"line":12,"column":3}},"type":"switch","locations":[{"start":{"line":5,"column":4},"end":{"line":5,"column":35}},{"start":{"line":6,"column":4},"end":{"line":6,"column":33}},{"start":{"line":7,"column":4},"end":{"line":7,"column":39}},{"start":{"line":8,"column":4},"end":{"line":9,"column":36}},{"start":{"line":10,"column":4},"end":{"line":11,"column":19}}],"line":4}},"s":{"0":0,"1":0,"2":0},"f":{"0":0},"b":{"0":[0],"1":[0,0,0,0,0]},"hash":"644289f86ae9df161ef722937cb3e2ca5857d57c"}
,"/Users/bin.gurung/Documents/GEP_Projects/GitHub_Search/Assignment_RN/app/Redux/Reducers/gitHubSearch.js": {"path":"/Users/bin.gurung/Documents/GEP_Projects/GitHub_Search/Assignment_RN/app/Redux/Reducers/gitHubSearch.js","statementMap":{"0":{"start":{"line":6,"column":4},"end":{"line":6,"column":23}},"1":{"start":{"line":7,"column":28},"end":{"line":7,"column":69}},"2":{"start":{"line":8,"column":4},"end":{"line":10,"column":5}},"3":{"start":{"line":9,"column":8},"end":{"line":9,"column":20}},"4":{"start":{"line":15,"column":8},"end":{"line":15,"column":23}},"5":{"start":{"line":16,"column":4},"end":{"line":52,"column":5}},"6":{"start":{"line":18,"column":23},"end":{"line":18,"column":27}},"7":{"start":{"line":19,"column":12},"end":{"line":21,"column":13}},"8":{"start":{"line":20,"column":16},"end":{"line":20,"column":34}},"9":{"start":{"line":22,"column":12},"end":{"line":27,"column":14}},"10":{"start":{"line":28,"column":12},"end":{"line":28,"column":18}},"11":{"start":{"line":31,"column":12},"end":{"line":36,"column":14}},"12":{"start":{"line":37,"column":12},"end":{"line":37,"column":18}},"13":{"start":{"line":40,"column":33},"end":{"line":40,"column":47}},"14":{"start":{"line":41,"column":12},"end":{"line":46,"column":14}},"15":{"start":{"line":47,"column":12},"end":{"line":47,"column":18}},"16":{"start":{"line":50,"column":12},"end":{"line":50,"column":29}},"17":{"start":{"line":51,"column":12},"end":{"line":51,"column":18}},"18":{"start":{"line":53,"column":4},"end":{"line":53,"column":20}}},"fnMap":{"0":{"name":"(anonymous_0)","decl":{"start":{"line":4,"column":15},"end":{"line":4,"column":16}},"loc":{"start":{"line":4,"column":88},"end":{"line":54,"column":1}},"line":4}},"branchMap":{"0":{"loc":{"start":{"line":4,"column":25},"end":{"line":4,"column":78}},"type":"default-arg","locations":[{"start":{"line":4,"column":33},"end":{"line":4,"column":78}}],"line":4},"1":{"loc":{"start":{"line":8,"column":4},"end":{"line":10,"column":5}},"type":"if","locations":[{"start":{"line":8,"column":4},"end":{"line":10,"column":5}},{"start":{"line":8,"column":4},"end":{"line":10,"column":5}}],"line":8},"2":{"loc":{"start":{"line":16,"column":4},"end":{"line":52,"column":5}},"type":"switch","locations":[{"start":{"line":17,"column":8},"end":{"line":29,"column":9}},{"start":{"line":30,"column":8},"end":{"line":38,"column":9}},{"start":{"line":39,"column":8},"end":{"line":48,"column":9}},{"start":{"line":49,"column":8},"end":{"line":51,"column":18}}],"line":16},"3":{"loc":{"start":{"line":19,"column":12},"end":{"line":21,"column":13}},"type":"if","locations":[{"start":{"line":19,"column":12},"end":{"line":21,"column":13}},{"start":{"line":19,"column":12},"end":{"line":21,"column":13}}],"line":19},"4":{"loc":{"start":{"line":19,"column":16},"end":{"line":19,"column":35}},"type":"binary-expr","locations":[{"start":{"line":19,"column":16},"end":{"line":19,"column":21}},{"start":{"line":19,"column":25},"end":{"line":19,"column":35}}],"line":19}},"s":{"0":0,"1":0,"2":0,"3":0,"4":0,"5":0,"6":0,"7":0,"8":0,"9":0,"10":0,"11":0,"12":0,"13":0,"14":0,"15":0,"16":0,"17":0,"18":0},"f":{"0":0},"b":{"0":[0],"1":[0,0],"2":[0,0,0,0],"3":[0,0],"4":[0,0]},"hash":"ace001874deb4e31044ea6b0802a6ff893cad4c6"}
,"/Users/bin.gurung/Documents/GEP_Projects/GitHub_Search/Assignment_RN/app/Redux/middleware/api.js": {"path":"/Users/bin.gurung/Documents/GEP_Projects/GitHub_Search/Assignment_RN/app/Redux/middleware/api.js","statementMap":{"0":{"start":{"line":8,"column":0},"end":{"line":9,"column":47}},"1":{"start":{"line":11,"column":22},"end":{"line":67,"column":1}},"2":{"start":{"line":11,"column":40},"end":{"line":67,"column":1}},"3":{"start":{"line":11,"column":48},"end":{"line":67,"column":1}},"4":{"start":{"line":12,"column":2},"end":{"line":12,"column":15}},"5":{"start":{"line":14,"column":2},"end":{"line":16,"column":3}},"6":{"start":{"line":15,"column":4},"end":{"line":15,"column":11}},"7":{"start":{"line":27,"column":6},"end":{"line":27,"column":20}},"8":{"start":{"line":28,"column":23},"end":{"line":28,"column":77}},"9":{"start":{"line":30,"column":2},"end":{"line":32,"column":3}},"10":{"start":{"line":31,"column":4},"end":{"line":31,"column":30}},"11":{"start":{"line":33,"column":2},"end":{"line":66,"column":7}},"12":{"start":{"line":41,"column":6},"end":{"line":49,"column":7}},"13":{"start":{"line":45,"column":8},"end":{"line":45,"column":37}},"14":{"start":{"line":46,"column":8},"end":{"line":46,"column":38}},"15":{"start":{"line":48,"column":8},"end":{"line":48,"column":38}},"16":{"start":{"line":52,"column":6},"end":{"line":52,"column":32}},"17":{"start":{"line":53,"column":6},"end":{"line":53,"column":33}},"18":{"start":{"line":55,"column":6},"end":{"line":60,"column":7}},"19":{"start":{"line":59,"column":8},"end":{"line":59,"column":57}},"20":{"start":{"line":63,"column":6},"end":{"line":65,"column":7}},"21":{"start":{"line":64,"column":8},"end":{"line":64,"column":32}}},"fnMap":{"0":{"name":"(anonymous_0)","decl":{"start":{"line":11,"column":22},"end":{"line":11,"column":23}},"loc":{"start":{"line":11,"column":40},"end":{"line":67,"column":1}},"line":11},"1":{"name":"(anonymous_1)","decl":{"start":{"line":11,"column":40},"end":{"line":11,"column":41}},"loc":{"start":{"line":11,"column":48},"end":{"line":67,"column":1}},"line":11},"2":{"name":"(anonymous_2)","decl":{"start":{"line":11,"column":48},"end":{"line":11,"column":49}},"loc":{"start":{"line":11,"column":58},"end":{"line":67,"column":1}},"line":11},"3":{"name":"(anonymous_3)","decl":{"start":{"line":40,"column":10},"end":{"line":40,"column":11}},"loc":{"start":{"line":40,"column":22},"end":{"line":50,"column":5}},"line":40},"4":{"name":"(anonymous_4)","decl":{"start":{"line":51,"column":11},"end":{"line":51,"column":12}},"loc":{"start":{"line":51,"column":20},"end":{"line":61,"column":5}},"line":51},"5":{"name":"(anonymous_5)","decl":{"start":{"line":62,"column":13},"end":{"line":62,"column":14}},"loc":{"start":{"line":62,"column":19},"end":{"line":66,"column":5}},"line":62}},"branchMap":{"0":{"loc":{"start":{"line":9,"column":2},"end":{"line":9,"column":46}},"type":"cond-expr","locations":[{"start":{"line":9,"column":26},"end":{"line":9,"column":34}},{"start":{"line":9,"column":37},"end":{"line":9,"column":46}}],"line":9},"1":{"loc":{"start":{"line":14,"column":2},"end":{"line":16,"column":3}},"type":"if","locations":[{"start":{"line":14,"column":2},"end":{"line":16,"column":3}},{"start":{"line":14,"column":2},"end":{"line":16,"column":3}}],"line":14},"2":{"loc":{"start":{"line":25,"column":4},"end":{"line":25,"column":18}},"type":"default-arg","locations":[{"start":{"line":25,"column":13},"end":{"line":25,"column":18}}],"line":25},"3":{"loc":{"start":{"line":26,"column":4},"end":{"line":26,"column":23}},"type":"default-arg","locations":[{"start":{"line":26,"column":14},"end":{"line":26,"column":23}}],"line":26},"4":{"loc":{"start":{"line":28,"column":23},"end":{"line":28,"column":77}},"type":"cond-expr","locations":[{"start":{"line":28,"column":60},"end":{"line":28,"column":68}},{"start":{"line":28,"column":71},"end":{"line":28,"column":77}}],"line":28},"5":{"loc":{"start":{"line":30,"column":2},"end":{"line":32,"column":3}},"type":"if","locations":[{"start":{"line":30,"column":2},"end":{"line":32,"column":3}},{"start":{"line":30,"column":2},"end":{"line":32,"column":3}}],"line":30},"6":{"loc":{"start":{"line":41,"column":6},"end":{"line":49,"column":7}},"type":"if","locations":[{"start":{"line":41,"column":6},"end":{"line":49,"column":7}},{"start":{"line":41,"column":6},"end":{"line":49,"column":7}}],"line":41},"7":{"loc":{"start":{"line":42,"column":8},"end":{"line":43,"column":51}},"type":"binary-expr","locations":[{"start":{"line":42,"column":8},"end":{"line":42,"column":49}},{"start":{"line":43,"column":8},"end":{"line":43,"column":51}}],"line":42},"8":{"loc":{"start":{"line":55,"column":6},"end":{"line":60,"column":7}},"type":"if","locations":[{"start":{"line":55,"column":6},"end":{"line":60,"column":7}},{"start":{"line":55,"column":6},"end":{"line":60,"column":7}}],"line":55},"9":{"loc":{"start":{"line":56,"column":8},"end":{"line":57,"column":58}},"type":"binary-expr","locations":[{"start":{"line":56,"column":8},"end":{"line":56,"column":22}},{"start":{"line":57,"column":8},"end":{"line":57,"column":58}}],"line":56},"10":{"loc":{"start":{"line":63,"column":6},"end":{"line":65,"column":7}},"type":"if","locations":[{"start":{"line":63,"column":6},"end":{"line":65,"column":7}},{"start":{"line":63,"column":6},"end":{"line":65,"column":7}}],"line":63}},"s":{"0":0,"1":0,"2":0,"3":0,"4":0,"5":0,"6":0,"7":0,"8":0,"9":0,"10":0,"11":0,"12":0,"13":0,"14":0,"15":0,"16":0,"17":0,"18":0,"19":0,"20":0,"21":0},"f":{"0":0,"1":0,"2":0,"3":0,"4":0,"5":0},"b":{"0":[0,0],"1":[0,0],"2":[0],"3":[0],"4":[0,0],"5":[0,0],"6":[0,0],"7":[0,0],"8":[0,0],"9":[0,0],"10":[0,0]},"hash":"d771f10b1dc1c6aa933d41d4f2a072c5bd534a55"}
,"/Users/bin.gurung/Documents/GEP_Projects/GitHub_Search/Assignment_RN/app/Redux/middleware/errorCodes.js": {"path":"/Users/bin.gurung/Documents/GEP_Projects/GitHub_Search/Assignment_RN/app/Redux/middleware/errorCodes.js","statementMap":{"0":{"start":{"line":1,"column":26},"end":{"line":8,"column":1}}},"fnMap":{},"branchMap":{},"s":{"0":0},"f":{},"b":{},"hash":"a8b311d8e008b4f37fd7a1a7d132ca9f1a038bff"}
,"/Users/bin.gurung/Documents/GEP_Projects/GitHub_Search/Assignment_RN/app/Utilities/DeviceUtils.js": {"path":"/Users/bin.gurung/Documents/GEP_Projects/GitHub_Search/Assignment_RN/app/Utilities/DeviceUtils.js","statementMap":{"0":{"start":{"line":3,"column":36},"end":{"line":8,"column":1}},"1":{"start":{"line":4,"column":21},"end":{"line":4,"column":45}},"2":{"start":{"line":5,"column":26},"end":{"line":5,"column":36}},"3":{"start":{"line":7,"column":2},"end":{"line":7,"column":64}},"4":{"start":{"line":10,"column":31},"end":{"line":17,"column":1}},"5":{"start":{"line":11,"column":2},"end":{"line":15,"column":3}},"6":{"start":{"line":12,"column":4},"end":{"line":12,"column":13}},"7":{"start":{"line":13,"column":9},"end":{"line":15,"column":3}},"8":{"start":{"line":14,"column":4},"end":{"line":14,"column":14}},"9":{"start":{"line":16,"column":2},"end":{"line":16,"column":12}}},"fnMap":{"0":{"name":"(anonymous_0)","decl":{"start":{"line":3,"column":36},"end":{"line":3,"column":37}},"loc":{"start":{"line":3,"column":42},"end":{"line":8,"column":1}},"line":3},"1":{"name":"(anonymous_1)","decl":{"start":{"line":10,"column":31},"end":{"line":10,"column":32}},"loc":{"start":{"line":10,"column":37},"end":{"line":17,"column":1}},"line":10}},"branchMap":{"0":{"loc":{"start":{"line":7,"column":9},"end":{"line":7,"column":63}},"type":"binary-expr","locations":[{"start":{"line":7,"column":9},"end":{"line":7,"column":30}},{"start":{"line":7,"column":35},"end":{"line":7,"column":47}},{"start":{"line":7,"column":51},"end":{"line":7,"column":62}}],"line":7},"1":{"loc":{"start":{"line":11,"column":2},"end":{"line":15,"column":3}},"type":"if","locations":[{"start":{"line":11,"column":2},"end":{"line":15,"column":3}},{"start":{"line":11,"column":2},"end":{"line":15,"column":3}}],"line":11},"2":{"loc":{"start":{"line":13,"column":9},"end":{"line":15,"column":3}},"type":"if","locations":[{"start":{"line":13,"column":9},"end":{"line":15,"column":3}},{"start":{"line":13,"column":9},"end":{"line":15,"column":3}}],"line":13}},"s":{"0":0,"1":0,"2":0,"3":0,"4":0,"5":0,"6":0,"7":0,"8":0,"9":0},"f":{"0":0,"1":0},"b":{"0":[0,0,0],"1":[0,0],"2":[0,0]},"hash":"8e0acbc85dd8713ed7ef7fe4125232e212a6ae92"}
}
