TN:
SF:/Users/bin.gurung/Documents/GEP_Projects/GitHub_Search/Assignment_RN/App.js
FN:10,(anonymous_0)
FN:17,(anonymous_1)
FNF:2
FNH:0
FNDA:0,(anonymous_0)
FNDA:0,(anonymous_1)
DA:11,0
DA:12,0
DA:18,0
LF:3
LH:0
BRF:0
BRH:0
end_of_record
TN:
SF:/Users/bin.gurung/Documents/GEP_Projects/GitHub_Search/Assignment_RN/app/Container/AppStackNavigator.js
FN:11,AppStackNavigator
FNF:1
FNH:0
FNDA:0,AppStackNavigator
DA:9,0
DA:12,0
LF:2
LH:0
BRF:0
BRH:0
end_of_record
TN:
SF:/Users/bin.gurung/Documents/GEP_Projects/GitHub_Search/Assignment_RN/app/Container/DetailModelScreen.js
FN:11,(anonymous_0)
FN:14,(anonymous_1)
FN:74,(anonymous_2)
FN:81,(anonymous_3)
FNF:4
FNH:0
FNDA:0,(anonymous_0)
FNDA:0,(anonymous_1)
FNDA:0,(anonymous_2)
FNDA:0,(anonymous_3)
DA:10,1
DA:11,1
DA:14,0
DA:15,0
DA:68,0
DA:82,0
DA:94,1
LF:7
LH:3
BRF:0
BRH:0
end_of_record
TN:
SF:/Users/bin.gurung/Documents/GEP_Projects/GitHub_Search/Assignment_RN/app/Container/ListScreen.js
FN:15,(anonymous_0)
FN:36,(anonymous_1)
FN:50,(anonymous_2)
FN:68,(anonymous_3)
FN:85,(anonymous_4)
FN:89,(anonymous_5)
FN:99,(anonymous_6)
FN:107,(anonymous_7)
FN:110,(anonymous_8)
FN:115,(anonymous_9)
FN:125,(anonymous_10)
FN:128,(anonymous_11)
FN:132,(anonymous_12)
FN:137,(anonymous_13)
FN:170,mapStateToProps
FNF:15
FNH:6
FNDA:1,(anonymous_0)
FNDA:0,(anonymous_1)
FNDA:1,(anonymous_2)
FNDA:1,(anonymous_3)
FNDA:0,(anonymous_4)
FNDA:0,(anonymous_5)
FNDA:1,(anonymous_6)
FNDA:0,(anonymous_7)
FNDA:0,(anonymous_8)
FNDA:0,(anonymous_9)
FNDA:0,(anonymous_10)
FNDA:0,(anonymous_11)
FNDA:1,(anonymous_12)
FNDA:0,(anonymous_13)
FNDA:1,mapStateToProps
DA:13,1
DA:16,1
DA:17,1
DA:25,1
DA:28,1
DA:36,1
DA:37,0
DA:53,1
DA:54,1
DA:55,1
DA:59,0
DA:64,1
DA:69,1
DA:86,0
DA:87,0
DA:89,0
DA:90,0
DA:99,1
DA:100,1
DA:101,1
DA:102,0
DA:108,0
DA:111,0
DA:115,0
DA:121,1
DA:125,1
DA:126,0
DA:128,0
DA:133,1
DA:137,0
DA:148,1
DA:171,1
DA:172,1
LF:33
LH:20
BRDA:55,0,0,0
BRDA:55,0,1,1
BRDA:55,1,0,1
BRDA:55,1,1,0
BRDA:55,1,2,0
BRDA:55,1,3,0
BRDA:86,2,0,0
BRDA:86,2,1,0
BRDA:101,3,0,0
BRDA:101,3,1,1
BRDA:101,4,0,1
BRDA:101,4,1,1
BRDA:140,5,0,1
BRDA:140,5,1,0
BRDA:143,6,0,1
BRDA:143,6,1,0
BRF:16
BRH:7
end_of_record
TN:
SF:/Users/bin.gurung/Documents/GEP_Projects/GitHub_Search/Assignment_RN/app/Container/Component/HamburgerMenu.js
FN:6,HamburgerMenu
FN:11,(anonymous_1)
FNF:2
FNH:1
FNDA:1,HamburgerMenu
FNDA:0,(anonymous_1)
DA:7,1
DA:11,0
LF:2
LH:1
BRF:0
BRH:0
end_of_record
TN:
SF:/Users/bin.gurung/Documents/GEP_Projects/GitHub_Search/Assignment_RN/app/Container/Component/HorizontalView.js
FN:6,(anonymous_0)
FN:13,(anonymous_1)
FN:20,(anonymous_2)
FN:39,(anonymous_3)
FN:45,(anonymous_4)
FN:57,(anonymous_5)
FNF:6
FNH:0
FNDA:0,(anonymous_0)
FNDA:0,(anonymous_1)
FNDA:0,(anonymous_2)
FNDA:0,(anonymous_3)
FNDA:0,(anonymous_4)
FNDA:0,(anonymous_5)
DA:7,0
DA:8,0
DA:14,0
DA:15,0
DA:16,0
DA:21,0
DA:22,0
DA:23,0
DA:40,0
DA:41,0
DA:53,0
DA:54,0
DA:57,0
DA:82,0
LF:14
LH:0
BRDA:15,0,0,0
BRDA:15,0,1,0
BRDA:40,1,0,0
BRDA:40,1,1,0
BRDA:76,2,0,0
BRDA:76,2,1,0
BRF:6
BRH:0
end_of_record
TN:
SF:/Users/bin.gurung/Documents/GEP_Projects/GitHub_Search/Assignment_RN/app/Container/Component/ListCell.js
FN:4,ListCell
FN:7,(anonymous_1)
FNF:2
FNH:0
FNDA:0,ListCell
FNDA:0,(anonymous_1)
DA:5,0
DA:6,0
DA:7,0
DA:39,1
LF:4
LH:1
BRF:0
BRH:0
end_of_record
TN:
SF:/Users/bin.gurung/Documents/GEP_Projects/GitHub_Search/Assignment_RN/app/Redux/store.js
FNF:0
FNH:0
DA:7,0
DA:9,0
DA:10,0
DA:11,0
DA:14,0
LF:5
LH:0
BRDA:9,0,0,0
BRDA:9,0,1,0
BRF:2
BRH:0
end_of_record
TN:
SF:/Users/bin.gurung/Documents/GEP_Projects/GitHub_Search/Assignment_RN/app/Redux/Actions/api_action.js
FN:3,(anonymous_0)
FN:8,(anonymous_1)
FN:13,(anonymous_2)
FN:20,(anonymous_3)
FNF:4
FNH:0
FNDA:0,(anonymous_0)
FNDA:0,(anonymous_1)
FNDA:0,(anonymous_2)
FNDA:0,(anonymous_3)
DA:3,1
DA:8,1
DA:13,1
DA:20,1
LF:4
LH:4
BRF:0
BRH:0
end_of_record
TN:
SF:/Users/bin.gurung/Documents/GEP_Projects/GitHub_Search/Assignment_RN/app/Redux/Actions/fetch_action.js
FN:8,(anonymous_0)
FN:13,(anonymous_1)
FN:18,(anonymous_2)
FN:18,(anonymous_3)
FN:35,(anonymous_4)
FN:36,(anonymous_5)
FN:46,(anonymous_6)
FNF:7
FNH:0
FNDA:0,(anonymous_0)
FNDA:0,(anonymous_1)
FNDA:0,(anonymous_2)
FNDA:0,(anonymous_3)
FNDA:0,(anonymous_4)
FNDA:0,(anonymous_5)
FNDA:0,(anonymous_6)
DA:6,1
DA:8,1
DA:13,1
DA:18,1
DA:19,0
DA:20,0
DA:22,0
DA:27,0
DA:28,0
DA:30,0
DA:35,0
DA:36,0
DA:46,1
LF:13
LH:5
BRDA:19,0,0,0
BRDA:19,0,1,0
BRF:2
BRH:0
end_of_record
TN:
SF:/Users/bin.gurung/Documents/GEP_Projects/GitHub_Search/Assignment_RN/app/Redux/Actions/Helper/apiKeys.js
FNF:0
FNH:0
DA:1,1
LF:1
LH:1
BRF:0
BRH:0
end_of_record
TN:
SF:/Users/bin.gurung/Documents/GEP_Projects/GitHub_Search/Assignment_RN/app/Redux/Actions/Helper/routes.js
FN:3,(anonymous_0)
FN:13,(anonymous_1)
FNF:2
FNH:0
FNDA:0,(anonymous_0)
FNDA:0,(anonymous_1)
DA:3,1
DA:4,0
DA:6,0
DA:9,0
DA:13,1
DA:14,0
DA:18,0
LF:7
LH:2
BRDA:4,0,0,0
BRDA:4,0,1,0
BRF:2
BRH:0
end_of_record
TN:
SF:/Users/bin.gurung/Documents/GEP_Projects/GitHub_Search/Assignment_RN/app/Redux/Actions/Helper/types.js
FNF:0
FNH:0
DA:1,1
DA:6,1
LF:2
LH:2
BRF:0
BRH:0
end_of_record
TN:
SF:/Users/bin.gurung/Documents/GEP_Projects/GitHub_Search/Assignment_RN/app/Redux/Reducers/api_reducer.js
FN:3,(anonymous_0)
FNF:1
FNH:0
FNDA:0,(anonymous_0)
DA:4,0
DA:9,0
DA:11,0
LF:3
LH:0
BRDA:3,0,0,0
BRDA:4,1,0,0
BRDA:4,1,1,0
BRDA:4,1,2,0
BRDA:4,1,3,0
BRDA:4,1,4,0
BRF:6
BRH:0
end_of_record
TN:
SF:/Users/bin.gurung/Documents/GEP_Projects/GitHub_Search/Assignment_RN/app/Redux/Reducers/gitHubSearch.js
FN:4,(anonymous_0)
FNF:1
FNH:0
FNDA:0,(anonymous_0)
DA:6,0
DA:7,0
DA:8,0
DA:9,0
DA:15,0
DA:16,0
DA:18,0
DA:19,0
DA:20,0
DA:22,0
DA:28,0
DA:31,0
DA:37,0
DA:40,0
DA:41,0
DA:47,0
DA:50,0
DA:51,0
DA:53,0
LF:19
LH:0
BRDA:4,0,0,0
BRDA:8,1,0,0
BRDA:8,1,1,0
BRDA:16,2,0,0
BRDA:16,2,1,0
BRDA:16,2,2,0
BRDA:16,2,3,0
BRDA:19,3,0,0
BRDA:19,3,1,0
BRDA:19,4,0,0
BRDA:19,4,1,0
BRF:11
BRH:0
end_of_record
TN:
SF:/Users/bin.gurung/Documents/GEP_Projects/GitHub_Search/Assignment_RN/app/Redux/middleware/api.js
FN:11,(anonymous_0)
FN:11,(anonymous_1)
FN:11,(anonymous_2)
FN:40,(anonymous_3)
FN:51,(anonymous_4)
FN:62,(anonymous_5)
FNF:6
FNH:0
FNDA:0,(anonymous_0)
FNDA:0,(anonymous_1)
FNDA:0,(anonymous_2)
FNDA:0,(anonymous_3)
FNDA:0,(anonymous_4)
FNDA:0,(anonymous_5)
DA:8,0
DA:11,0
DA:12,0
DA:14,0
DA:15,0
DA:27,0
DA:28,0
DA:30,0
DA:31,0
DA:33,0
DA:41,0
DA:45,0
DA:46,0
DA:48,0
DA:52,0
DA:53,0
DA:55,0
DA:59,0
DA:63,0
DA:64,0
LF:20
LH:0
BRDA:9,0,0,0
BRDA:9,0,1,0
BRDA:14,1,0,0
BRDA:14,1,1,0
BRDA:25,2,0,0
BRDA:26,3,0,0
BRDA:28,4,0,0
BRDA:28,4,1,0
BRDA:30,5,0,0
BRDA:30,5,1,0
BRDA:41,6,0,0
BRDA:41,6,1,0
BRDA:42,7,0,0
BRDA:42,7,1,0
BRDA:55,8,0,0
BRDA:55,8,1,0
BRDA:56,9,0,0
BRDA:56,9,1,0
BRDA:63,10,0,0
BRDA:63,10,1,0
BRF:20
BRH:0
end_of_record
TN:
SF:/Users/bin.gurung/Documents/GEP_Projects/GitHub_Search/Assignment_RN/app/Redux/middleware/errorCodes.js
FNF:0
FNH:0
DA:1,0
LF:1
LH:0
BRF:0
BRH:0
end_of_record
TN:
SF:/Users/bin.gurung/Documents/GEP_Projects/GitHub_Search/Assignment_RN/app/Utilities/DeviceUtils.js
FN:3,(anonymous_0)
FN:10,(anonymous_1)
FNF:2
FNH:0
FNDA:0,(anonymous_0)
FNDA:0,(anonymous_1)
DA:3,0
DA:4,0
DA:5,0
DA:7,0
DA:10,0
DA:11,0
DA:12,0
DA:13,0
DA:14,0
DA:16,0
LF:10
LH:0
BRDA:7,0,0,0
BRDA:7,0,1,0
BRDA:7,0,2,0
BRDA:11,1,0,0
BRDA:11,1,1,0
BRDA:13,2,0,0
BRDA:13,2,1,0
BRF:7
BRH:0
end_of_record
